<?xml version="1.0" encoding="UTF-8"?>
<testng-results ignored="0" total="1" passed="1" failed="0" skipped="0">
  <reporter-output>
  </reporter-output>
  <suite started-at="2021-11-24T19:37:58 IST" name="Default suite" finished-at="2021-11-24T19:38:09 IST" duration-ms="10751">
    <groups>
    </groups>
    <test started-at="2021-11-24T19:37:58 IST" name="Default test" finished-at="2021-11-24T19:38:09 IST" duration-ms="10751">
      <class name="testCases.TranslatePageTest">
        <test-method is-config="true" signature="setUp()[pri:0, instance:testCases.TranslatePageTest@50b5ac82]" started-at="2021-11-24T19:37:58 IST" name="setUp" finished-at="2021-11-24T19:38:04 IST" duration-ms="5153" status="PASS">
          <reporter-output>
          </reporter-output>
        </test-method> <!-- setUp -->
        <test-method signature="test()[pri:0, instance:testCases.TranslatePageTest@50b5ac82]" started-at="2021-11-24T19:38:04 IST" name="test" finished-at="2021-11-24T19:38:09 IST" duration-ms="5098" status="PASS">
          <reporter-output>
          </reporter-output>
        </test-method> <!-- test -->
        <test-method is-config="true" signature="tearDown()[pri:0, instance:testCases.TranslatePageTest@50b5ac82]" started-at="2021-11-24T19:38:09 IST" name="tearDown" finished-at="2021-11-24T19:38:09 IST" duration-ms="442" status="PASS">
          <reporter-output>
          </reporter-output>
        </test-method> <!-- tearDown -->
      </class> <!-- testCases.TranslatePageTest -->
    </test> <!-- Default test -->
  </suite> <!-- Default suite -->
</testng-results>
